{"total": {"lines":{"total":488,"covered":20,"skipped":0,"pct":4.09},"statements":{"total":557,"covered":20,"skipped":0,"pct":3.59},"functions":{"total":190,"covered":3,"skipped":0,"pct":1.57},"branches":{"total":284,"covered":14,"skipped":0,"pct":4.92},"branchesTrue":{"total":0,"covered":0,"skipped":0,"pct":100}}
,"C:\\1 - Rafael\\22 - VSCode\\01 - Projetos\\06 - Ecommerce-react\\e-commerce-react\\src\\App.tsx": {"lines":{"total":4,"covered":0,"skipped":0,"pct":0},"functions":{"total":2,"covered":0,"skipped":0,"pct":0},"statements":{"total":5,"covered":0,"skipped":0,"pct":0},"branches":{"total":4,"covered":0,"skipped":0,"pct":0}}
,"C:\\1 - Rafael\\22 - VSCode\\01 - Projetos\\06 - Ecommerce-react\\e-commerce-react\\src\\components\\badge\\badge.tsx": {"lines":{"total":2,"covered":2,"skipped":0,"pct":100},"functions":{"total":1,"covered":1,"skipped":0,"pct":100},"statements":{"total":2,"covered":2,"skipped":0,"pct":100},"branches":{"total":4,"covered":3,"skipped":0,"pct":75}}
,"C:\\1 - Rafael\\22 - VSCode\\01 - Projetos\\06 - Ecommerce-react\\e-commerce-react\\src\\components\\button\\button.tsx": {"lines":{"total":18,"covered":18,"skipped":0,"pct":100},"functions":{"total":2,"covered":2,"skipped":0,"pct":100},"statements":{"total":18,"covered":18,"skipped":0,"pct":100},"branches":{"total":11,"covered":11,"skipped":0,"pct":100}}
,"C:\\1 - Rafael\\22 - VSCode\\01 - Projetos\\06 - Ecommerce-react\\e-commerce-react\\src\\components\\card\\productCard.tsx": {"lines":{"total":20,"covered":0,"skipped":0,"pct":0},"functions":{"total":8,"covered":0,"skipped":0,"pct":0},"statements":{"total":22,"covered":0,"skipped":0,"pct":0},"branches":{"total":18,"covered":0,"skipped":0,"pct":0}}
,"C:\\1 - Rafael\\22 - VSCode\\01 - Projetos\\06 - Ecommerce-react\\e-commerce-react\\src\\components\\card-grid\\card-grid.tsx": {"lines":{"total":2,"covered":0,"skipped":0,"pct":0},"functions":{"total":1,"covered":0,"skipped":0,"pct":0},"statements":{"total":2,"covered":0,"skipped":0,"pct":0},"branches":{"total":0,"covered":0,"skipped":0,"pct":100}}
,"C:\\1 - Rafael\\22 - VSCode\\01 - Projetos\\06 - Ecommerce-react\\e-commerce-react\\src\\components\\carousel\\carousel.tsx": {"lines":{"total":5,"covered":0,"skipped":0,"pct":0},"functions":{"total":2,"covered":0,"skipped":0,"pct":0},"statements":{"total":5,"covered":0,"skipped":0,"pct":0},"branches":{"total":0,"covered":0,"skipped":0,"pct":100}}
,"C:\\1 - Rafael\\22 - VSCode\\01 - Projetos\\06 - Ecommerce-react\\e-commerce-react\\src\\components\\footer\\footer.tsx": {"lines":{"total":1,"covered":0,"skipped":0,"pct":0},"functions":{"total":1,"covered":0,"skipped":0,"pct":0},"statements":{"total":1,"covered":0,"skipped":0,"pct":0},"branches":{"total":0,"covered":0,"skipped":0,"pct":100}}
,"C:\\1 - Rafael\\22 - VSCode\\01 - Projetos\\06 - Ecommerce-react\\e-commerce-react\\src\\components\\input\\input.tsx": {"lines":{"total":58,"covered":0,"skipped":0,"pct":0},"functions":{"total":5,"covered":0,"skipped":0,"pct":0},"statements":{"total":58,"covered":0,"skipped":0,"pct":0},"branches":{"total":83,"covered":0,"skipped":0,"pct":0}}
,"C:\\1 - Rafael\\22 - VSCode\\01 - Projetos\\06 - Ecommerce-react\\e-commerce-react\\src\\components\\loading\\loading.tsx": {"lines":{"total":3,"covered":0,"skipped":0,"pct":0},"functions":{"total":1,"covered":0,"skipped":0,"pct":0},"statements":{"total":3,"covered":0,"skipped":0,"pct":0},"branches":{"total":3,"covered":0,"skipped":0,"pct":0}}
,"C:\\1 - Rafael\\22 - VSCode\\01 - Projetos\\06 - Ecommerce-react\\e-commerce-react\\src\\components\\menu\\menu.tsx": {"lines":{"total":34,"covered":0,"skipped":0,"pct":0},"functions":{"total":21,"covered":0,"skipped":0,"pct":0},"statements":{"total":39,"covered":0,"skipped":0,"pct":0},"branches":{"total":14,"covered":0,"skipped":0,"pct":0}}
,"C:\\1 - Rafael\\22 - VSCode\\01 - Projetos\\06 - Ecommerce-react\\e-commerce-react\\src\\components\\modal\\modal-info.tsx": {"lines":{"total":11,"covered":0,"skipped":0,"pct":0},"functions":{"total":2,"covered":0,"skipped":0,"pct":0},"statements":{"total":11,"covered":0,"skipped":0,"pct":0},"branches":{"total":8,"covered":0,"skipped":0,"pct":0}}
,"C:\\1 - Rafael\\22 - VSCode\\01 - Projetos\\06 - Ecommerce-react\\e-commerce-react\\src\\components\\protected-route\\protected-route.tsx": {"lines":{"total":4,"covered":0,"skipped":0,"pct":0},"functions":{"total":2,"covered":0,"skipped":0,"pct":0},"statements":{"total":5,"covered":0,"skipped":0,"pct":0},"branches":{"total":2,"covered":0,"skipped":0,"pct":0}}
,"C:\\1 - Rafael\\22 - VSCode\\01 - Projetos\\06 - Ecommerce-react\\e-commerce-react\\src\\components\\sideCart\\sidecCart.tsx": {"lines":{"total":11,"covered":0,"skipped":0,"pct":0},"functions":{"total":9,"covered":0,"skipped":0,"pct":0},"statements":{"total":12,"covered":0,"skipped":0,"pct":0},"branches":{"total":10,"covered":0,"skipped":0,"pct":0}}
,"C:\\1 - Rafael\\22 - VSCode\\01 - Projetos\\06 - Ecommerce-react\\e-commerce-react\\src\\components\\title\\title.tsx": {"lines":{"total":1,"covered":0,"skipped":0,"pct":0},"functions":{"total":1,"covered":0,"skipped":0,"pct":0},"statements":{"total":1,"covered":0,"skipped":0,"pct":0},"branches":{"total":0,"covered":0,"skipped":0,"pct":100}}
,"C:\\1 - Rafael\\22 - VSCode\\01 - Projetos\\06 - Ecommerce-react\\e-commerce-react\\src\\context\\productsContext.tsx": {"lines":{"total":5,"covered":0,"skipped":0,"pct":0},"functions":{"total":3,"covered":0,"skipped":0,"pct":0},"statements":{"total":6,"covered":0,"skipped":0,"pct":0},"branches":{"total":0,"covered":0,"skipped":0,"pct":100}}
,"C:\\1 - Rafael\\22 - VSCode\\01 - Projetos\\06 - Ecommerce-react\\e-commerce-react\\src\\core\\enums\\httpMethod.ts": {"lines":{"total":0,"covered":0,"skipped":0,"pct":0},"functions":{"total":0,"covered":0,"skipped":0,"pct":0},"statements":{"total":0,"covered":0,"skipped":0,"pct":0},"branches":{"total":0,"covered":0,"skipped":0,"pct":0}}
,"C:\\1 - Rafael\\22 - VSCode\\01 - Projetos\\06 - Ecommerce-react\\e-commerce-react\\src\\core\\enums\\tag.ts": {"lines":{"total":0,"covered":0,"skipped":0,"pct":0},"functions":{"total":0,"covered":0,"skipped":0,"pct":0},"statements":{"total":0,"covered":0,"skipped":0,"pct":0},"branches":{"total":0,"covered":0,"skipped":0,"pct":0}}
,"C:\\1 - Rafael\\22 - VSCode\\01 - Projetos\\06 - Ecommerce-react\\e-commerce-react\\src\\core\\http\\httpRequest.ts": {"lines":{"total":3,"covered":0,"skipped":0,"pct":0},"functions":{"total":2,"covered":0,"skipped":0,"pct":0},"statements":{"total":4,"covered":0,"skipped":0,"pct":0},"branches":{"total":4,"covered":0,"skipped":0,"pct":0}}
,"C:\\1 - Rafael\\22 - VSCode\\01 - Projetos\\06 - Ecommerce-react\\e-commerce-react\\src\\core\\http\\auth\\userAuth.ts": {"lines":{"total":6,"covered":0,"skipped":0,"pct":0},"functions":{"total":5,"covered":0,"skipped":0,"pct":0},"statements":{"total":6,"covered":0,"skipped":0,"pct":0},"branches":{"total":0,"covered":0,"skipped":0,"pct":100}}
,"C:\\1 - Rafael\\22 - VSCode\\01 - Projetos\\06 - Ecommerce-react\\e-commerce-react\\src\\core\\http\\products\\produtcs.http.ts": {"lines":{"total":2,"covered":0,"skipped":0,"pct":0},"functions":{"total":1,"covered":0,"skipped":0,"pct":0},"statements":{"total":2,"covered":0,"skipped":0,"pct":0},"branches":{"total":0,"covered":0,"skipped":0,"pct":100}}
,"C:\\1 - Rafael\\22 - VSCode\\01 - Projetos\\06 - Ecommerce-react\\e-commerce-react\\src\\core\\interfaces\\IAuthUser.ts": {"lines":{"total":0,"covered":0,"skipped":0,"pct":0},"functions":{"total":0,"covered":0,"skipped":0,"pct":0},"statements":{"total":0,"covered":0,"skipped":0,"pct":0},"branches":{"total":0,"covered":0,"skipped":0,"pct":0}}
,"C:\\1 - Rafael\\22 - VSCode\\01 - Projetos\\06 - Ecommerce-react\\e-commerce-react\\src\\core\\interfaces\\IAxiosResponse.ts": {"lines":{"total":0,"covered":0,"skipped":0,"pct":0},"functions":{"total":0,"covered":0,"skipped":0,"pct":0},"statements":{"total":0,"covered":0,"skipped":0,"pct":0},"branches":{"total":0,"covered":0,"skipped":0,"pct":0}}
,"C:\\1 - Rafael\\22 - VSCode\\01 - Projetos\\06 - Ecommerce-react\\e-commerce-react\\src\\core\\interfaces\\IModalInfo.ts": {"lines":{"total":0,"covered":0,"skipped":0,"pct":0},"functions":{"total":0,"covered":0,"skipped":0,"pct":0},"statements":{"total":0,"covered":0,"skipped":0,"pct":0},"branches":{"total":0,"covered":0,"skipped":0,"pct":0}}
,"C:\\1 - Rafael\\22 - VSCode\\01 - Projetos\\06 - Ecommerce-react\\e-commerce-react\\src\\core\\interfaces\\IProduct.ts": {"lines":{"total":0,"covered":0,"skipped":0,"pct":0},"functions":{"total":0,"covered":0,"skipped":0,"pct":0},"statements":{"total":0,"covered":0,"skipped":0,"pct":0},"branches":{"total":0,"covered":0,"skipped":0,"pct":0}}
,"C:\\1 - Rafael\\22 - VSCode\\01 - Projetos\\06 - Ecommerce-react\\e-commerce-react\\src\\modules\\utils.ts": {"lines":{"total":61,"covered":0,"skipped":0,"pct":0},"functions":{"total":15,"covered":0,"skipped":0,"pct":0},"statements":{"total":82,"covered":0,"skipped":0,"pct":0},"branches":{"total":64,"covered":0,"skipped":0,"pct":0}}
,"C:\\1 - Rafael\\22 - VSCode\\01 - Projetos\\06 - Ecommerce-react\\e-commerce-react\\src\\pages\\adm\\admLogin\\admLogin.tsx": {"lines":{"total":0,"covered":0,"skipped":0,"pct":0},"functions":{"total":0,"covered":0,"skipped":0,"pct":0},"statements":{"total":0,"covered":0,"skipped":0,"pct":0},"branches":{"total":0,"covered":0,"skipped":0,"pct":0}}
,"C:\\1 - Rafael\\22 - VSCode\\01 - Projetos\\06 - Ecommerce-react\\e-commerce-react\\src\\pages\\adm\\admProducts\\admProducts.tsx": {"lines":{"total":1,"covered":0,"skipped":0,"pct":0},"functions":{"total":1,"covered":0,"skipped":0,"pct":0},"statements":{"total":1,"covered":0,"skipped":0,"pct":0},"branches":{"total":0,"covered":0,"skipped":0,"pct":100}}
,"C:\\1 - Rafael\\22 - VSCode\\01 - Projetos\\06 - Ecommerce-react\\e-commerce-react\\src\\pages\\auth\\login\\login.tsx": {"lines":{"total":28,"covered":0,"skipped":0,"pct":0},"functions":{"total":12,"covered":0,"skipped":0,"pct":0},"statements":{"total":34,"covered":0,"skipped":0,"pct":0},"branches":{"total":4,"covered":0,"skipped":0,"pct":0}}
,"C:\\1 - Rafael\\22 - VSCode\\01 - Projetos\\06 - Ecommerce-react\\e-commerce-react\\src\\pages\\auth\\newPassword\\newPassword.tsx": {"lines":{"total":33,"covered":0,"skipped":0,"pct":0},"functions":{"total":11,"covered":0,"skipped":0,"pct":0},"statements":{"total":36,"covered":0,"skipped":0,"pct":0},"branches":{"total":8,"covered":0,"skipped":0,"pct":0}}
,"C:\\1 - Rafael\\22 - VSCode\\01 - Projetos\\06 - Ecommerce-react\\e-commerce-react\\src\\pages\\auth\\passwordRecover\\passwordRecover.tsx": {"lines":{"total":20,"covered":0,"skipped":0,"pct":0},"functions":{"total":7,"covered":0,"skipped":0,"pct":0},"statements":{"total":23,"covered":0,"skipped":0,"pct":0},"branches":{"total":4,"covered":0,"skipped":0,"pct":0}}
,"C:\\1 - Rafael\\22 - VSCode\\01 - Projetos\\06 - Ecommerce-react\\e-commerce-react\\src\\pages\\auth\\redirect\\redirect.tsx": {"lines":{"total":14,"covered":0,"skipped":0,"pct":0},"functions":{"total":4,"covered":0,"skipped":0,"pct":0},"statements":{"total":14,"covered":0,"skipped":0,"pct":0},"branches":{"total":2,"covered":0,"skipped":0,"pct":0}}
,"C:\\1 - Rafael\\22 - VSCode\\01 - Projetos\\06 - Ecommerce-react\\e-commerce-react\\src\\pages\\auth\\signup\\signup.tsx": {"lines":{"total":33,"covered":0,"skipped":0,"pct":0},"functions":{"total":19,"covered":0,"skipped":0,"pct":0},"statements":{"total":42,"covered":0,"skipped":0,"pct":0},"branches":{"total":13,"covered":0,"skipped":0,"pct":0}}
,"C:\\1 - Rafael\\22 - VSCode\\01 - Projetos\\06 - Ecommerce-react\\e-commerce-react\\src\\pages\\home\\home.tsx": {"lines":{"total":14,"covered":0,"skipped":0,"pct":0},"functions":{"total":5,"covered":0,"skipped":0,"pct":0},"statements":{"total":14,"covered":0,"skipped":0,"pct":0},"branches":{"total":2,"covered":0,"skipped":0,"pct":0}}
,"C:\\1 - Rafael\\22 - VSCode\\01 - Projetos\\06 - Ecommerce-react\\e-commerce-react\\src\\pages\\home\\mock.ts": {"lines":{"total":1,"covered":0,"skipped":0,"pct":0},"functions":{"total":0,"covered":0,"skipped":0,"pct":100},"statements":{"total":1,"covered":0,"skipped":0,"pct":0},"branches":{"total":0,"covered":0,"skipped":0,"pct":100}}
,"C:\\1 - Rafael\\22 - VSCode\\01 - Projetos\\06 - Ecommerce-react\\e-commerce-react\\src\\pages\\products-query\\products-query.tsx": {"lines":{"total":1,"covered":0,"skipped":0,"pct":0},"functions":{"total":1,"covered":0,"skipped":0,"pct":0},"statements":{"total":1,"covered":0,"skipped":0,"pct":0},"branches":{"total":0,"covered":0,"skipped":0,"pct":100}}
,"C:\\1 - Rafael\\22 - VSCode\\01 - Projetos\\06 - Ecommerce-react\\e-commerce-react\\src\\pages\\wish-list\\wishList.tsx": {"lines":{"total":13,"covered":0,"skipped":0,"pct":0},"functions":{"total":9,"covered":0,"skipped":0,"pct":0},"statements":{"total":14,"covered":0,"skipped":0,"pct":0},"branches":{"total":6,"covered":0,"skipped":0,"pct":0}}
,"C:\\1 - Rafael\\22 - VSCode\\01 - Projetos\\06 - Ecommerce-react\\e-commerce-react\\src\\router\\router.tsx": {"lines":{"total":10,"covered":0,"skipped":0,"pct":0},"functions":{"total":8,"covered":0,"skipped":0,"pct":0},"statements":{"total":17,"covered":0,"skipped":0,"pct":0},"branches":{"total":0,"covered":0,"skipped":0,"pct":100}}
,"C:\\1 - Rafael\\22 - VSCode\\01 - Projetos\\06 - Ecommerce-react\\e-commerce-react\\src\\store\\auth.store.ts": {"lines":{"total":8,"covered":0,"skipped":0,"pct":0},"functions":{"total":5,"covered":0,"skipped":0,"pct":0},"statements":{"total":8,"covered":0,"skipped":0,"pct":0},"branches":{"total":0,"covered":0,"skipped":0,"pct":100}}
,"C:\\1 - Rafael\\22 - VSCode\\01 - Projetos\\06 - Ecommerce-react\\e-commerce-react\\src\\store\\cart.store.ts": {"lines":{"total":46,"covered":0,"skipped":0,"pct":0},"functions":{"total":18,"covered":0,"skipped":0,"pct":0},"statements":{"total":52,"covered":0,"skipped":0,"pct":0},"branches":{"total":16,"covered":0,"skipped":0,"pct":0}}
,"C:\\1 - Rafael\\22 - VSCode\\01 - Projetos\\06 - Ecommerce-react\\e-commerce-react\\src\\store\\store.ts": {"lines":{"total":1,"covered":0,"skipped":0,"pct":0},"functions":{"total":0,"covered":0,"skipped":0,"pct":100},"statements":{"total":1,"covered":0,"skipped":0,"pct":0},"branches":{"total":0,"covered":0,"skipped":0,"pct":100}}
,"C:\\1 - Rafael\\22 - VSCode\\01 - Projetos\\06 - Ecommerce-react\\e-commerce-react\\src\\store\\wish-list.store.ts": {"lines":{"total":14,"covered":0,"skipped":0,"pct":0},"functions":{"total":6,"covered":0,"skipped":0,"pct":0},"statements":{"total":15,"covered":0,"skipped":0,"pct":0},"branches":{"total":4,"covered":0,"skipped":0,"pct":0}}
}
