TN:
SF:src\App.tsx
FN:8,App
FN:11,(anonymous_1)
FNF:2
FNH:0
FNDA:0,App
FNDA:0,(anonymous_1)
DA:9,0
DA:10,0
DA:11,0
DA:13,0
LF:4
LH:0
BRDA:17,0,0,0
BRDA:17,0,1,0
BRDA:22,1,0,0
BRDA:22,1,1,0
BRF:4
BRH:0
end_of_record
TN:
SF:src\components\badge\badge.tsx
FN:8,(anonymous_0)
FNF:1
FNH:1
FNDA:3,(anonymous_0)
DA:8,1
DA:9,3
LF:2
LH:2
BRDA:13,0,0,3
BRDA:13,0,1,2
BRDA:13,1,0,3
BRDA:13,1,1,0
BRF:4
BRH:3
end_of_record
TN:
SF:src\components\button\button.tsx
FN:11,Button
FN:15,(anonymous_1)
FNF:2
FNH:2
FNDA:27,Button
FNDA:14,(anonymous_1)
DA:12,27
DA:13,27
DA:15,27
DA:16,14
DA:18,8
DA:19,8
DA:22,1
DA:23,1
DA:26,1
DA:27,1
DA:30,1
DA:31,1
DA:34,1
DA:35,1
DA:38,1
DA:39,1
DA:42,1
DA:46,27
LF:18
LH:18
BRDA:12,0,0,14
BRDA:12,1,0,25
BRDA:12,2,0,25
BRDA:12,3,0,21
BRDA:16,4,0,8
BRDA:16,4,1,1
BRDA:16,4,2,1
BRDA:16,4,3,1
BRDA:16,4,4,1
BRDA:16,4,5,1
BRDA:16,4,6,1
BRF:11
BRH:11
end_of_record
TN:
SF:src\components\card\productCard.tsx
FN:10,ProductCard
FN:15,(anonymous_1)
FN:30,onSetIsFavorite
FN:32,(anonymous_3)
FN:35,(anonymous_4)
FN:40,onAddCartItem
FN:48,(anonymous_6)
FN:83,(anonymous_7)
FNF:8
FNH:0
FNDA:0,ProductCard
FNDA:0,(anonymous_1)
FNDA:0,onSetIsFavorite
FNDA:0,(anonymous_3)
FNDA:0,(anonymous_4)
FNDA:0,onAddCartItem
FNDA:0,(anonymous_6)
FNDA:0,(anonymous_7)
DA:11,0
DA:12,0
DA:13,0
DA:15,0
DA:16,0
DA:18,0
DA:19,0
DA:22,0
DA:23,0
DA:26,0
DA:31,0
DA:32,0
DA:33,0
DA:35,0
DA:36,0
DA:41,0
DA:42,0
DA:45,0
DA:48,0
DA:83,0
LF:20
LH:0
BRDA:16,0,0,0
BRDA:16,0,1,0
BRDA:16,0,2,0
BRDA:31,1,0,0
BRDA:31,1,1,0
BRDA:51,2,0,0
BRDA:51,2,1,0
BRDA:60,3,0,0
BRDA:60,3,1,0
BRDA:60,4,0,0
BRDA:60,4,1,0
BRDA:76,5,0,0
BRDA:76,5,1,0
BRDA:76,5,2,0
BRDA:78,6,0,0
BRDA:78,6,1,0
BRDA:78,7,0,0
BRDA:78,7,1,0
BRF:18
BRH:0
end_of_record
TN:
SF:src\components\card-grid\card-grid.tsx
FN:3,(anonymous_0)
FNF:1
FNH:0
FNDA:0,(anonymous_0)
DA:3,0
DA:4,0
LF:2
LH:0
BRF:0
BRH:0
end_of_record
TN:
SF:src\components\carousel\carousel.tsx
FN:5,Arrow
FN:10,(anonymous_1)
FNF:2
FNH:0
FNDA:0,Arrow
FNDA:0,(anonymous_1)
DA:6,0
DA:7,0
DA:10,0
DA:12,0
DA:58,0
LF:5
LH:0
BRF:0
BRH:0
end_of_record
TN:
SF:src\components\footer\footer.tsx
FN:3,Footer
FNF:1
FNH:0
FNDA:0,Footer
DA:4,0
LF:1
LH:0
BRF:0
BRH:0
end_of_record
TN:
SF:src\components\input\input.tsx
FN:12,Input
FN:34,(anonymous_1)
FN:98,handleInputValue
FN:136,(anonymous_3)
FN:143,(anonymous_4)
FNF:5
FNH:0
FNDA:0,Input
FNDA:0,(anonymous_1)
FNDA:0,handleInputValue
FNDA:0,(anonymous_3)
FNDA:0,(anonymous_4)
DA:22,0
DA:23,0
DA:24,0
DA:25,0
DA:26,0
DA:27,0
DA:28,0
DA:29,0
DA:30,0
DA:31,0
DA:32,0
DA:34,0
DA:35,0
DA:36,0
DA:38,0
DA:39,0
DA:40,0
DA:41,0
DA:42,0
DA:44,0
DA:45,0
DA:46,0
DA:47,0
DA:49,0
DA:52,0
DA:53,0
DA:54,0
DA:55,0
DA:56,0
DA:58,0
DA:59,0
DA:60,0
DA:61,0
DA:63,0
DA:66,0
DA:67,0
DA:68,0
DA:69,0
DA:72,0
DA:73,0
DA:74,0
DA:75,0
DA:78,0
DA:79,0
DA:80,0
DA:81,0
DA:83,0
DA:84,0
DA:86,0
DA:87,0
DA:90,0
DA:91,0
DA:94,0
DA:99,0
DA:100,0
DA:103,0
DA:136,0
DA:143,0
LF:58
LH:0
BRDA:22,0,0,0
BRDA:22,1,0,0
BRDA:22,2,0,0
BRDA:35,3,0,0
BRDA:35,3,1,0
BRDA:35,4,0,0
BRDA:35,4,1,0
BRDA:36,5,0,0
BRDA:36,5,1,0
BRDA:36,5,2,0
BRDA:36,5,3,0
BRDA:38,6,0,0
BRDA:38,6,1,0
BRDA:42,7,0,0
BRDA:42,7,1,0
BRDA:44,8,0,0
BRDA:44,8,1,0
BRDA:52,9,0,0
BRDA:52,9,1,0
BRDA:56,10,0,0
BRDA:56,10,1,0
BRDA:58,11,0,0
BRDA:58,11,1,0
BRDA:78,12,0,0
BRDA:78,12,1,0
BRDA:78,12,2,0
BRDA:78,12,3,0
BRDA:79,13,0,0
BRDA:79,13,1,0
BRDA:86,14,0,0
BRDA:86,14,1,0
BRDA:100,15,0,0
BRDA:100,15,1,0
BRDA:107,16,0,0
BRDA:107,16,1,0
BRDA:107,17,0,0
BRDA:107,17,1,0
BRDA:109,18,0,0
BRDA:109,18,1,0
BRDA:111,19,0,0
BRDA:111,19,1,0
BRDA:118,20,0,0
BRDA:118,20,1,0
BRDA:118,20,2,0
BRDA:118,20,3,0
BRDA:118,20,4,0
BRDA:118,20,5,0
BRDA:118,20,6,0
BRDA:134,21,0,0
BRDA:134,21,1,0
BRDA:151,22,0,0
BRDA:151,22,1,0
BRDA:151,22,2,0
BRDA:151,22,3,0
BRDA:151,22,4,0
BRDA:151,22,5,0
BRDA:151,22,6,0
BRDA:151,22,7,0
BRDA:151,22,8,0
BRDA:154,23,0,0
BRDA:154,23,1,0
BRDA:157,24,0,0
BRDA:157,24,1,0
BRDA:166,25,0,0
BRDA:166,25,1,0
BRDA:169,26,0,0
BRDA:169,26,1,0
BRDA:180,27,0,0
BRDA:180,27,1,0
BRDA:185,28,0,0
BRDA:185,28,1,0
BRDA:193,29,0,0
BRDA:193,29,1,0
BRDA:196,30,0,0
BRDA:196,30,1,0
BRDA:203,31,0,0
BRDA:203,31,1,0
BRDA:206,32,0,0
BRDA:206,32,1,0
BRDA:214,33,0,0
BRDA:214,33,1,0
BRDA:219,34,0,0
BRDA:219,34,1,0
BRF:83
BRH:0
end_of_record
TN:
SF:src\components\loading\loading.tsx
FN:1,Loading
FNF:1
FNH:0
FNDA:0,Loading
DA:2,0
DA:4,0
DA:5,0
LF:3
LH:0
BRDA:2,0,0,0
BRDA:4,1,0,0
BRDA:4,1,1,0
BRF:3
BRH:0
end_of_record
TN:
SF:src\components\menu\menu.tsx
FN:25,Menu
FN:27,(anonymous_1)
FN:28,(anonymous_2)
FN:35,(anonymous_3)
FN:39,(anonymous_4)
FN:40,handleClickOutside
FN:47,(anonymous_6)
FN:50,onProductItemClick
FN:55,onInputValue
FN:61,(anonymous_9)
FN:63,(anonymous_10)
FN:73,logout
FN:88,(anonymous_12)
FN:97,(anonymous_13)
FN:100,(anonymous_14)
FN:101,(anonymous_15)
FN:102,(anonymous_16)
FN:125,(anonymous_17)
FN:174,(anonymous_18)
FN:194,(anonymous_19)
FN:198,(anonymous_20)
FNF:21
FNH:0
FNDA:0,Menu
FNDA:0,(anonymous_1)
FNDA:0,(anonymous_2)
FNDA:0,(anonymous_3)
FNDA:0,(anonymous_4)
FNDA:0,handleClickOutside
FNDA:0,(anonymous_6)
FNDA:0,onProductItemClick
FNDA:0,onInputValue
FNDA:0,(anonymous_9)
FNDA:0,(anonymous_10)
FNDA:0,logout
FNDA:0,(anonymous_12)
FNDA:0,(anonymous_13)
FNDA:0,(anonymous_14)
FNDA:0,(anonymous_15)
FNDA:0,(anonymous_16)
FNDA:0,(anonymous_17)
FNDA:0,(anonymous_18)
FNDA:0,(anonymous_19)
FNDA:0,(anonymous_20)
DA:26,0
DA:27,0
DA:28,0
DA:29,0
DA:30,0
DA:31,0
DA:32,0
DA:33,0
DA:35,0
DA:36,0
DA:39,0
DA:41,0
DA:42,0
DA:45,0
DA:47,0
DA:51,0
DA:52,0
DA:56,0
DA:57,0
DA:58,0
DA:61,0
DA:62,0
DA:63,0
DA:66,0
DA:75,0
DA:88,0
DA:98,0
DA:100,0
DA:101,0
DA:102,0
DA:125,0
DA:175,0
DA:194,0
DA:198,0
LF:34
LH:0
BRDA:41,0,0,0
BRDA:41,0,1,0
BRDA:41,1,0,0
BRDA:41,1,1,0
BRDA:62,2,0,0
BRDA:62,2,1,0
BRDA:62,3,0,0
BRDA:62,3,1,0
BRDA:87,4,0,0
BRDA:87,4,1,0
BRDA:95,5,0,0
BRDA:95,5,1,0
BRDA:159,6,0,0
BRDA:159,6,1,0
BRF:14
BRH:0
end_of_record
TN:
SF:src\components\modal\modal-info.tsx
FN:6,ModalInfo
FN:14,(anonymous_1)
FNF:2
FNH:0
FNDA:0,ModalInfo
FNDA:0,(anonymous_1)
DA:12,0
DA:13,0
DA:14,0
DA:15,0
DA:17,0
DA:18,0
DA:21,0
DA:22,0
DA:25,0
DA:28,0
DA:29,0
LF:11
LH:0
BRDA:13,0,0,0
BRDA:15,1,0,0
BRDA:15,1,1,0
BRDA:15,1,2,0
BRDA:28,2,0,0
BRDA:28,2,1,0
BRDA:32,3,0,0
BRDA:32,3,1,0
BRF:8
BRH:0
end_of_record
TN:
SF:src\components\protected-route\protected-route.tsx
FN:9,(anonymous_0)
FN:11,(anonymous_1)
FNF:2
FNH:0
FNDA:0,(anonymous_0)
FNDA:0,(anonymous_1)
DA:9,0
DA:11,0
DA:12,0
DA:14,0
LF:4
LH:0
BRDA:14,0,0,0
BRDA:14,0,1,0
BRF:2
BRH:0
end_of_record
TN:
SF:src\components\sideCart\sidecCart.tsx
FN:10,SideCart
FN:12,(anonymous_1)
FN:14,(anonymous_2)
FN:29,(anonymous_3)
FN:39,(anonymous_4)
FN:51,(anonymous_5)
FN:61,(anonymous_6)
FN:71,(anonymous_7)
FN:78,(anonymous_8)
FNF:9
FNH:0
FNDA:0,SideCart
FNDA:0,(anonymous_1)
FNDA:0,(anonymous_2)
FNDA:0,(anonymous_3)
FNDA:0,(anonymous_4)
FNDA:0,(anonymous_5)
FNDA:0,(anonymous_6)
FNDA:0,(anonymous_7)
FNDA:0,(anonymous_8)
DA:11,0
DA:12,0
DA:14,0
DA:15,0
DA:18,0
DA:29,0
DA:40,0
DA:51,0
DA:62,0
DA:71,0
DA:78,0
LF:11
LH:0
BRDA:20,0,0,0
BRDA:20,0,1,0
BRDA:23,1,0,0
BRDA:23,1,1,0
BRDA:37,2,0,0
BRDA:37,2,1,0
BRDA:98,3,0,0
BRDA:98,3,1,0
BRDA:102,4,0,0
BRDA:102,4,1,0
BRF:10
BRH:0
end_of_record
TN:
SF:src\components\title\title.tsx
FN:5,Title
FNF:1
FNH:0
FNDA:0,Title
DA:6,0
LF:1
LH:0
BRF:0
BRH:0
end_of_record
TN:
SF:src\context\productsContext.tsx
FN:7,(anonymous_0)
FN:9,(anonymous_1)
FN:14,(anonymous_2)
FNF:3
FNH:0
FNDA:0,(anonymous_0)
FNDA:0,(anonymous_1)
FNDA:0,(anonymous_2)
DA:4,0
DA:9,0
DA:10,0
DA:11,0
DA:14,0
LF:5
LH:0
BRF:0
BRH:0
end_of_record
TN:
SF:src\core\enums\httpMethod.ts
FNF:0
FNH:0
LF:0
LH:0
BRF:0
BRH:0
end_of_record
TN:
SF:src\core\enums\tag.ts
FNF:0
FNH:0
LF:0
LH:0
BRF:0
BRH:0
end_of_record
TN:
SF:src\core\http\httpRequest.ts
FN:6,httpRequest
FN:17,(anonymous_1)
FNF:2
FNH:0
FNDA:0,httpRequest
FNDA:0,(anonymous_1)
DA:11,0
DA:19,0
DA:20,0
LF:3
LH:0
BRDA:8,0,0,0
BRDA:9,1,0,0
BRDA:19,2,0,0
BRDA:19,2,1,0
BRF:4
BRH:0
end_of_record
TN:
SF:src\core\http\auth\userAuth.ts
FN:14,createUser
FN:18,authenticateUser
FN:22,sendEmailRecover
FN:28,updateUserPassword
FN:39,checkValidToken
FNF:5
FNH:0
FNDA:0,createUser
FNDA:0,authenticateUser
FNDA:0,sendEmailRecover
FNDA:0,updateUserPassword
FNDA:0,checkValidToken
DA:12,0
DA:15,0
DA:19,0
DA:23,0
DA:32,0
DA:40,0
LF:6
LH:0
BRF:0
BRH:0
end_of_record
TN:
SF:src\core\http\products\produtcs.http.ts
FN:8,getProductsList
FNF:1
FNH:0
FNDA:0,getProductsList
DA:6,0
DA:9,0
LF:2
LH:0
BRF:0
BRH:0
end_of_record
TN:
SF:src\core\interfaces\IAuthUser.ts
FNF:0
FNH:0
LF:0
LH:0
BRF:0
BRH:0
end_of_record
TN:
SF:src\core\interfaces\IAxiosResponse.ts
FNF:0
FNH:0
LF:0
LH:0
BRF:0
BRH:0
end_of_record
TN:
SF:src\core\interfaces\IModalInfo.ts
FNF:0
FNH:0
LF:0
LH:0
BRF:0
BRH:0
end_of_record
TN:
SF:src\core\interfaces\IProduct.ts
FNF:0
FNH:0
LF:0
LH:0
BRF:0
BRH:0
end_of_record
TN:
SF:src\modules\utils.ts
FN:1,safeEncryptU
FN:6,toSolidBytes
FN:16,safeDecryptU
FN:22,(anonymous_3)
FN:37,saveStorage
FN:40,loadStorage
FN:50,removeStorage
FN:55,isCPFValid
FN:86,isCNPJValid
FN:110,isNomeValid
FN:118,isTelephoneNumberValid
FN:122,formatDateTime
FN:133,isNullOrWhitespace
FN:137,formatCpfOrCnpj
FN:145,formatTelephoneNumber
FNF:15
FNH:0
FNDA:0,safeEncryptU
FNDA:0,toSolidBytes
FNDA:0,safeDecryptU
FNDA:0,(anonymous_3)
FNDA:0,saveStorage
FNDA:0,loadStorage
FNDA:0,removeStorage
FNDA:0,isCPFValid
FNDA:0,isCNPJValid
FNDA:0,isNomeValid
FNDA:0,isTelephoneNumberValid
FNDA:0,formatDateTime
FNDA:0,isNullOrWhitespace
FNDA:0,formatCpfOrCnpj
FNDA:0,formatTelephoneNumber
DA:2,0
DA:4,0
DA:7,0
DA:10,0
DA:12,0
DA:17,0
DA:19,0
DA:23,0
DA:28,0
DA:29,0
DA:38,0
DA:41,0
DA:42,0
DA:43,0
DA:44,0
DA:46,0
DA:47,0
DA:51,0
DA:56,0
DA:57,0
DA:58,0
DA:59,0
DA:72,0
DA:73,0
DA:74,0
DA:75,0
DA:76,0
DA:77,0
DA:78,0
DA:79,0
DA:80,0
DA:81,0
DA:82,0
DA:83,0
DA:87,0
DA:88,0
DA:89,0
DA:91,0
DA:93,0
DA:94,0
DA:96,0
DA:97,0
DA:99,0
DA:111,0
DA:119,0
DA:123,0
DA:134,0
DA:138,0
DA:139,0
DA:140,0
DA:141,0
DA:142,0
DA:146,0
DA:147,0
DA:149,0
DA:150,0
DA:151,0
DA:152,0
DA:153,0
DA:154,0
DA:156,0
LF:61
LH:0
BRDA:40,0,0,0
BRDA:42,1,0,0
BRDA:42,1,1,0
BRDA:44,2,0,0
BRDA:44,2,1,0
BRDA:44,3,0,0
BRDA:44,3,1,0
BRDA:56,4,0,0
BRDA:56,4,1,0
BRDA:58,5,0,0
BRDA:58,5,1,0
BRDA:59,6,0,0
BRDA:59,6,1,0
BRDA:60,7,0,0
BRDA:60,7,1,0
BRDA:60,7,2,0
BRDA:60,7,3,0
BRDA:60,7,4,0
BRDA:60,7,5,0
BRDA:60,7,6,0
BRDA:60,7,7,0
BRDA:60,7,8,0
BRDA:60,7,9,0
BRDA:60,7,10,0
BRDA:76,8,0,0
BRDA:76,8,1,0
BRDA:76,9,0,0
BRDA:76,9,1,0
BRDA:77,10,0,0
BRDA:77,10,1,0
BRDA:81,11,0,0
BRDA:81,11,1,0
BRDA:81,12,0,0
BRDA:81,12,1,0
BRDA:82,13,0,0
BRDA:82,13,1,0
BRDA:89,14,0,0
BRDA:89,14,1,0
BRDA:91,15,0,0
BRDA:91,15,1,0
BRDA:94,16,0,0
BRDA:94,16,1,0
BRDA:94,17,0,0
BRDA:94,17,1,0
BRDA:97,18,0,0
BRDA:97,18,1,0
BRDA:97,19,0,0
BRDA:97,19,1,0
BRDA:134,20,0,0
BRDA:134,20,1,0
BRDA:138,21,0,0
BRDA:138,21,1,0
BRDA:139,22,0,0
BRDA:139,22,1,0
BRDA:140,23,0,0
BRDA:140,23,1,0
BRDA:147,24,0,0
BRDA:147,24,1,0
BRDA:149,25,0,0
BRDA:149,25,1,0
BRDA:151,26,0,0
BRDA:151,26,1,0
BRDA:153,27,0,0
BRDA:153,27,1,0
BRF:64
BRH:0
end_of_record
TN:
SF:src\pages\adm\admLogin\admLogin.tsx
FNF:0
FNH:0
LF:0
LH:0
BRF:0
BRH:0
end_of_record
TN:
SF:src\pages\adm\admProducts\admProducts.tsx
FN:1,AdmProducts
FNF:1
FNH:0
FNDA:0,AdmProducts
DA:3,0
LF:1
LH:0
BRF:0
BRH:0
end_of_record
TN:
SF:src\pages\auth\login\login.tsx
FN:13,Login
FN:28,(anonymous_1)
FN:32,loginUser
FN:45,(anonymous_3)
FN:52,(anonymous_4)
FN:62,onModalInfoCloseEvent
FN:66,(anonymous_6)
FN:69,(anonymous_7)
FN:89,(anonymous_8)
FN:90,(anonymous_9)
FN:99,(anonymous_10)
FN:100,(anonymous_11)
FNF:12
FNH:0
FNDA:0,Login
FNDA:0,(anonymous_1)
FNDA:0,loginUser
FNDA:0,(anonymous_3)
FNDA:0,(anonymous_4)
FNDA:0,onModalInfoCloseEvent
FNDA:0,(anonymous_6)
FNDA:0,(anonymous_7)
FNDA:0,(anonymous_8)
FNDA:0,(anonymous_9)
FNDA:0,(anonymous_10)
FNDA:0,(anonymous_11)
DA:14,0
DA:15,0
DA:19,0
DA:25,0
DA:26,0
DA:28,0
DA:29,0
DA:33,0
DA:34,0
DA:35,0
DA:36,0
DA:37,0
DA:38,0
DA:45,0
DA:46,0
DA:48,0
DA:51,0
DA:52,0
DA:58,0
DA:63,0
DA:64,0
DA:65,0
DA:66,0
DA:67,0
DA:69,0
DA:72,0
DA:90,0
DA:100,0
LF:28
LH:0
BRDA:36,0,0,0
BRDA:36,0,1,0
BRDA:63,1,0,0
BRDA:63,1,1,0
BRF:4
BRH:0
end_of_record
TN:
SF:src\pages\auth\newPassword\newPassword.tsx
FN:10,NewPassword
FN:23,(anonymous_1)
FN:32,updatePassword
FN:38,(anonymous_3)
FN:44,(anonymous_4)
FN:54,(anonymous_5)
FN:60,onModalInfoCloseEvent
FN:65,(anonymous_7)
FN:82,(anonymous_8)
FN:83,(anonymous_9)
FN:106,(anonymous_10)
FNF:11
FNH:0
FNDA:0,NewPassword
FNDA:0,(anonymous_1)
FNDA:0,updatePassword
FNDA:0,(anonymous_3)
FNDA:0,(anonymous_4)
FNDA:0,(anonymous_5)
FNDA:0,onModalInfoCloseEvent
FNDA:0,(anonymous_7)
FNDA:0,(anonymous_8)
FNDA:0,(anonymous_9)
FNDA:0,(anonymous_10)
DA:11,0
DA:12,0
DA:13,0
DA:14,0
DA:15,0
DA:20,0
DA:21,0
DA:23,0
DA:24,0
DA:25,0
DA:26,0
DA:30,0
DA:33,0
DA:34,0
DA:35,0
DA:36,0
DA:37,0
DA:38,0
DA:40,0
DA:43,0
DA:44,0
DA:50,0
DA:54,0
DA:55,0
DA:58,0
DA:61,0
DA:62,0
DA:63,0
DA:65,0
DA:68,0
DA:82,0
DA:83,0
DA:106,0
LF:33
LH:0
BRDA:25,0,0,0
BRDA:25,0,1,0
BRDA:36,1,0,0
BRDA:36,1,1,0
BRDA:55,2,0,0
BRDA:55,2,1,0
BRDA:61,3,0,0
BRDA:61,3,1,0
BRF:8
BRH:0
end_of_record
TN:
SF:src\pages\auth\passwordRecover\passwordRecover.tsx
FN:10,PasswordRecover
FN:21,sendRecoverEmail
FN:27,(anonymous_2)
FN:33,(anonymous_3)
FN:43,onModalInfoCloseEvent
FN:48,(anonymous_5)
FN:64,(anonymous_6)
FNF:7
FNH:0
FNDA:0,PasswordRecover
FNDA:0,sendRecoverEmail
FNDA:0,(anonymous_2)
FNDA:0,(anonymous_3)
FNDA:0,onModalInfoCloseEvent
FNDA:0,(anonymous_5)
FNDA:0,(anonymous_6)
DA:11,0
DA:12,0
DA:13,0
DA:19,0
DA:22,0
DA:23,0
DA:24,0
DA:25,0
DA:26,0
DA:27,0
DA:29,0
DA:32,0
DA:33,0
DA:39,0
DA:44,0
DA:45,0
DA:46,0
DA:48,0
DA:51,0
DA:64,0
LF:20
LH:0
BRDA:25,0,0,0
BRDA:25,0,1,0
BRDA:44,1,0,0
BRDA:44,1,1,0
BRF:4
BRH:0
end_of_record
TN:
SF:src\pages\auth\redirect\redirect.tsx
FN:7,Redirect
FN:11,(anonymous_1)
FN:13,verifyToken
FN:29,onRedirect
FNF:4
FNH:0
FNDA:0,Redirect
FNDA:0,(anonymous_1)
FNDA:0,verifyToken
FNDA:0,onRedirect
DA:8,0
DA:9,0
DA:11,0
DA:12,0
DA:14,0
DA:15,0
DA:16,0
DA:17,0
DA:19,0
DA:20,0
DA:24,0
DA:27,0
DA:30,0
DA:33,0
LF:14
LH:0
BRDA:14,0,0,0
BRDA:14,0,1,0
BRF:2
BRH:0
end_of_record
TN:
SF:src\pages\auth\signup\signup.tsx
FN:12,Signup
FN:33,registerNewUser
FN:39,(anonymous_2)
FN:50,(anonymous_3)
FN:61,(anonymous_4)
FN:79,onModalInfoCloseEvent
FN:84,(anonymous_6)
FN:100,(anonymous_7)
FN:101,(anonymous_8)
FN:106,(anonymous_9)
FN:107,(anonymous_10)
FN:120,(anonymous_11)
FN:121,(anonymous_12)
FN:123,(anonymous_13)
FN:124,(anonymous_14)
FN:134,(anonymous_15)
FN:135,(anonymous_16)
FN:140,(anonymous_17)
FN:141,(anonymous_18)
FNF:19
FNH:0
FNDA:0,Signup
FNDA:0,registerNewUser
FNDA:0,(anonymous_2)
FNDA:0,(anonymous_3)
FNDA:0,(anonymous_4)
FNDA:0,onModalInfoCloseEvent
FNDA:0,(anonymous_6)
FNDA:0,(anonymous_7)
FNDA:0,(anonymous_8)
FNDA:0,(anonymous_9)
FNDA:0,(anonymous_10)
FNDA:0,(anonymous_11)
FNDA:0,(anonymous_12)
FNDA:0,(anonymous_13)
FNDA:0,(anonymous_14)
FNDA:0,(anonymous_15)
FNDA:0,(anonymous_16)
FNDA:0,(anonymous_17)
FNDA:0,(anonymous_18)
DA:13,0
DA:14,0
DA:20,0
DA:25,0
DA:30,0
DA:31,0
DA:34,0
DA:35,0
DA:36,0
DA:37,0
DA:38,0
DA:39,0
DA:45,0
DA:48,0
DA:49,0
DA:50,0
DA:57,0
DA:61,0
DA:62,0
DA:67,0
DA:69,0
DA:77,0
DA:80,0
DA:81,0
DA:82,0
DA:84,0
DA:87,0
DA:101,0
DA:107,0
DA:121,0
DA:124,0
DA:135,0
DA:141,0
LF:33
LH:0
BRDA:37,0,0,0
BRDA:37,0,1,0
BRDA:48,1,0,0
BRDA:48,1,1,0
BRDA:48,2,0,0
BRDA:48,2,1,0
BRDA:62,3,0,0
BRDA:62,3,1,0
BRDA:63,4,0,0
BRDA:63,4,1,0
BRDA:63,4,2,0
BRDA:80,5,0,0
BRDA:80,5,1,0
BRF:13
BRH:0
end_of_record
TN:
SF:src\pages\home\home.tsx
FN:13,Home
FN:16,(anonymous_1)
FN:18,(anonymous_2)
FN:69,(anonymous_3)
FN:79,(anonymous_4)
FNF:5
FNH:0
FNDA:0,Home
FNDA:0,(anonymous_1)
FNDA:0,(anonymous_2)
FNDA:0,(anonymous_3)
FNDA:0,(anonymous_4)
DA:14,0
DA:15,0
DA:16,0
DA:18,0
DA:19,0
DA:20,0
DA:21,0
DA:22,0
DA:25,0
DA:27,0
DA:30,0
DA:33,0
DA:70,0
DA:80,0
LF:14
LH:0
BRDA:35,0,0,0
BRDA:35,0,1,0
BRF:2
BRH:0
end_of_record
TN:
SF:src\pages\home\mock.ts
FNF:0
FNH:0
DA:1,0
LF:1
LH:0
BRF:0
BRH:0
end_of_record
TN:
SF:src\pages\products-query\products-query.tsx
FN:1,ProductsQuery
FNF:1
FNH:0
FNDA:0,ProductsQuery
DA:2,0
LF:1
LH:0
BRF:0
BRH:0
end_of_record
TN:
SF:src\pages\wish-list\wishList.tsx
FN:16,WishList
FN:18,(anonymous_1)
FN:20,(anonymous_2)
FN:24,onAddCartItem
FN:29,onSaveAllItems
FN:41,(anonymous_5)
FN:47,(anonymous_6)
FN:61,(anonymous_7)
FN:68,(anonymous_8)
FNF:9
FNH:0
FNDA:0,WishList
FNDA:0,(anonymous_1)
FNDA:0,(anonymous_2)
FNDA:0,onAddCartItem
FNDA:0,onSaveAllItems
FNDA:0,(anonymous_5)
FNDA:0,(anonymous_6)
FNDA:0,(anonymous_7)
FNDA:0,(anonymous_8)
DA:17,0
DA:18,0
DA:20,0
DA:21,0
DA:25,0
DA:26,0
DA:30,0
DA:31,0
DA:34,0
DA:41,0
DA:48,0
DA:61,0
DA:68,0
LF:13
LH:0
BRDA:39,0,0,0
BRDA:39,0,1,0
BRDA:45,1,0,0
BRDA:45,1,1,0
BRDA:78,2,0,0
BRDA:78,2,1,0
BRF:6
BRH:0
end_of_record
TN:
SF:src\router\router.tsx
FN:7,(anonymous_0)
FN:8,(anonymous_1)
FN:9,(anonymous_2)
FN:10,(anonymous_3)
FN:11,(anonymous_4)
FN:12,(anonymous_5)
FN:13,(anonymous_6)
FN:15,(anonymous_7)
FNF:8
FNH:0
FNDA:0,(anonymous_0)
FNDA:0,(anonymous_1)
FNDA:0,(anonymous_2)
FNDA:0,(anonymous_3)
FNDA:0,(anonymous_4)
FNDA:0,(anonymous_5)
FNDA:0,(anonymous_6)
FNDA:0,(anonymous_7)
DA:7,0
DA:8,0
DA:9,0
DA:10,0
DA:11,0
DA:12,0
DA:13,0
DA:15,0
DA:16,0
DA:96,0
LF:10
LH:0
BRF:0
BRH:0
end_of_record
TN:
SF:src\store\auth.store.ts
FN:16,(anonymous_0)
FN:19,(anonymous_1)
FN:27,(anonymous_2)
FN:30,(anonymous_3)
FN:33,(anonymous_4)
FNF:5
FNH:0
FNDA:0,(anonymous_0)
FNDA:0,(anonymous_1)
FNDA:0,(anonymous_2)
FNDA:0,(anonymous_3)
FNDA:0,(anonymous_4)
DA:3,0
DA:12,0
DA:17,0
DA:23,0
DA:28,0
DA:31,0
DA:34,0
DA:39,0
LF:8
LH:0
BRF:0
BRH:0
end_of_record
TN:
SF:src\store\cart.store.ts
FN:11,(anonymous_0)
FN:12,(anonymous_1)
FN:19,(anonymous_2)
FN:24,(anonymous_3)
FN:29,(anonymous_4)
FN:32,(anonymous_5)
FN:34,(anonymous_6)
FN:42,(anonymous_7)
FN:43,(anonymous_8)
FN:44,(anonymous_9)
FN:52,(anonymous_10)
FN:53,(anonymous_11)
FN:58,(anonymous_12)
FN:59,(anonymous_13)
FN:67,(anonymous_14)
FN:68,(anonymous_15)
FN:79,(anonymous_16)
FN:81,(anonymous_17)
FNF:18
FNH:0
FNDA:0,(anonymous_0)
FNDA:0,(anonymous_1)
FNDA:0,(anonymous_2)
FNDA:0,(anonymous_3)
FNDA:0,(anonymous_4)
FNDA:0,(anonymous_5)
FNDA:0,(anonymous_6)
FNDA:0,(anonymous_7)
FNDA:0,(anonymous_8)
FNDA:0,(anonymous_9)
FNDA:0,(anonymous_10)
FNDA:0,(anonymous_11)
FNDA:0,(anonymous_12)
FNDA:0,(anonymous_13)
FNDA:0,(anonymous_14)
FNDA:0,(anonymous_15)
FNDA:0,(anonymous_16)
FNDA:0,(anonymous_17)
DA:5,0
DA:11,0
DA:12,0
DA:15,0
DA:20,0
DA:21,0
DA:22,0
DA:25,0
DA:26,0
DA:27,0
DA:30,0
DA:33,0
DA:34,0
DA:36,0
DA:37,0
DA:38,0
DA:39,0
DA:43,0
DA:44,0
DA:45,0
DA:46,0
DA:49,0
DA:50,0
DA:53,0
DA:54,0
DA:55,0
DA:56,0
DA:59,0
DA:60,0
DA:61,0
DA:63,0
DA:65,0
DA:68,0
DA:69,0
DA:70,0
DA:72,0
DA:73,0
DA:74,0
DA:77,0
DA:80,0
DA:81,0
DA:82,0
DA:83,0
DA:85,0
DA:87,0
DA:102,0
LF:46
LH:0
BRDA:20,0,0,0
BRDA:20,0,1,0
BRDA:36,1,0,0
BRDA:36,1,1,0
BRDA:45,2,0,0
BRDA:45,2,1,0
BRDA:60,3,0,0
BRDA:60,3,1,0
BRDA:69,4,0,0
BRDA:69,4,1,0
BRDA:73,5,0,0
BRDA:73,5,1,0
BRDA:82,6,0,0
BRDA:82,6,1,0
BRDA:82,7,0,0
BRDA:82,7,1,0
BRF:16
BRH:0
end_of_record
TN:
SF:src\store\store.ts
FNF:0
FNH:0
DA:6,0
LF:1
LH:0
BRF:0
BRH:0
end_of_record
TN:
SF:src\store\wish-list.store.ts
FN:13,(anonymous_0)
FN:17,(anonymous_1)
FN:20,(anonymous_2)
FN:22,(anonymous_3)
FN:29,(anonymous_4)
FN:30,(anonymous_5)
FNF:6
FNH:0
FNDA:0,(anonymous_0)
FNDA:0,(anonymous_1)
FNDA:0,(anonymous_2)
FNDA:0,(anonymous_3)
FNDA:0,(anonymous_4)
FNDA:0,(anonymous_5)
DA:5,0
DA:9,0
DA:14,0
DA:15,0
DA:18,0
DA:21,0
DA:22,0
DA:24,0
DA:25,0
DA:26,0
DA:30,0
DA:31,0
DA:32,0
DA:42,0
LF:14
LH:0
BRDA:14,0,0,0
BRDA:14,0,1,0
BRDA:24,1,0,0
BRDA:24,1,1,0
BRF:4
BRH:0
end_of_record
